<?xml version="1.0" encoding="UTF-8"?><testrun name="Runner" project="app" tests="1" started="1" failures="0" errors="1" ignored="0">
  <testsuite name="runner.Runner" time="0.001">
    <testsuite name="Feature: Test Amazon search functionality" time="0.001">
      <testcase name="As a customer when I search for product, I want to see if the thrid option on the second page is available for purchase and can be added to the card" classname="Test Amazon search functionality" time="0.001">
        <error>cucumber.runtime.CucumberException: Failed to instantiate class steps.AmazonSearchSteps&#13;
	at cucumber.runtime.java.DefaultJavaObjectFactory.cacheNewInstance(DefaultJavaObjectFactory.java:47)&#13;
	at cucumber.runtime.java.DefaultJavaObjectFactory.getInstance(DefaultJavaObjectFactory.java:33)&#13;
	at cucumber.runtime.java.JavaStepDefinition.execute(JavaStepDefinition.java:49)&#13;
	at cucumber.runner.PickleStepDefinitionMatch.runStep(PickleStepDefinitionMatch.java:50)&#13;
	at cucumber.runner.TestStep.executeStep(TestStep.java:63)&#13;
	at cucumber.runner.TestStep.run(TestStep.java:49)&#13;
	at cucumber.runner.PickleStepTestStep.run(PickleStepTestStep.java:43)&#13;
	at cucumber.runner.TestCase.run(TestCase.java:44)&#13;
	at cucumber.runner.Runner.runPickle(Runner.java:40)&#13;
	at cucumber.runtime.junit.PickleRunners$NoStepDescriptions.run(PickleRunners.java:146)&#13;
	at cucumber.runtime.junit.FeatureRunner.runChild(FeatureRunner.java:68)&#13;
	at cucumber.runtime.junit.FeatureRunner.runChild(FeatureRunner.java:23)&#13;
	at org.junit.runners.ParentRunner$3.run(ParentRunner.java:290)&#13;
	at org.junit.runners.ParentRunner$1.schedule(ParentRunner.java:71)&#13;
	at org.junit.runners.ParentRunner.runChildren(ParentRunner.java:288)&#13;
	at org.junit.runners.ParentRunner.access$000(ParentRunner.java:58)&#13;
	at org.junit.runners.ParentRunner$2.evaluate(ParentRunner.java:268)&#13;
	at org.junit.runners.ParentRunner.run(ParentRunner.java:363)&#13;
	at cucumber.runtime.junit.FeatureRunner.run(FeatureRunner.java:73)&#13;
	at cucumber.api.junit.Cucumber.runChild(Cucumber.java:124)&#13;
	at cucumber.api.junit.Cucumber.runChild(Cucumber.java:65)&#13;
	at org.junit.runners.ParentRunner$3.run(ParentRunner.java:290)&#13;
	at org.junit.runners.ParentRunner$1.schedule(ParentRunner.java:71)&#13;
	at org.junit.runners.ParentRunner.runChildren(ParentRunner.java:288)&#13;
	at org.junit.runners.ParentRunner.access$000(ParentRunner.java:58)&#13;
	at org.junit.runners.ParentRunner$2.evaluate(ParentRunner.java:268)&#13;
	at cucumber.api.junit.Cucumber$1.evaluate(Cucumber.java:133)&#13;
	at org.junit.runners.ParentRunner.run(ParentRunner.java:363)&#13;
	at org.eclipse.jdt.internal.junit4.runner.JUnit4TestReference.run(JUnit4TestReference.java:93)&#13;
	at org.eclipse.jdt.internal.junit.runner.TestExecution.run(TestExecution.java:40)&#13;
	at org.eclipse.jdt.internal.junit.runner.RemoteTestRunner.runTests(RemoteTestRunner.java:529)&#13;
	at org.eclipse.jdt.internal.junit.runner.RemoteTestRunner.runTests(RemoteTestRunner.java:756)&#13;
	at org.eclipse.jdt.internal.junit.runner.RemoteTestRunner.run(RemoteTestRunner.java:452)&#13;
	at org.eclipse.jdt.internal.junit.runner.RemoteTestRunner.main(RemoteTestRunner.java:210)&#13;
Caused by: java.lang.reflect.InvocationTargetException&#13;
	at java.base/jdk.internal.reflect.NativeConstructorAccessorImpl.newInstance0(Native Method)&#13;
	at java.base/jdk.internal.reflect.NativeConstructorAccessorImpl.newInstance(NativeConstructorAccessorImpl.java:77)&#13;
	at java.base/jdk.internal.reflect.DelegatingConstructorAccessorImpl.newInstance(DelegatingConstructorAccessorImpl.java:45)&#13;
	at java.base/java.lang.reflect.Constructor.newInstanceWithCaller(Constructor.java:499)&#13;
	at java.base/java.lang.reflect.Constructor.newInstance(Constructor.java:480)&#13;
	at cucumber.runtime.java.DefaultJavaObjectFactory.cacheNewInstance(DefaultJavaObjectFactory.java:41)&#13;
	... 33 more&#13;
Caused by: java.lang.ExceptionInInitializerError&#13;
	at steps.AmazonSearchSteps.&lt;init&gt;(AmazonSearchSteps.java:12)&#13;
	... 39 more&#13;
Caused by: java.lang.IllegalStateException: The driver executable does not exist: C:\Users\MIGUEL\Desktop\java_codigos\app\driver.exe&#13;
	at com.google.common.base.Preconditions.checkState(Preconditions.java:585)&#13;
	at org.openqa.selenium.remote.service.DriverService.checkExecutable(DriverService.java:146)&#13;
	at org.openqa.selenium.remote.service.DriverService.findExecutable(DriverService.java:141)&#13;
	at org.openqa.selenium.chrome.ChromeDriverService.access$000(ChromeDriverService.java:35)&#13;
	at org.openqa.selenium.chrome.ChromeDriverService$Builder.findDefaultExecutable(ChromeDriverService.java:159)&#13;
	at org.openqa.selenium.remote.service.DriverService$Builder.build(DriverService.java:355)&#13;
	at org.openqa.selenium.chrome.ChromeDriverService.createDefaultService(ChromeDriverService.java:94)&#13;
	at org.openqa.selenium.chrome.ChromeDriver.&lt;init&gt;(ChromeDriver.java:157)&#13;
	at pages.BasePage.&lt;clinit&gt;(BasePage.java:27)&#13;
	... 40 more&#13;
&#13;
</error>
      </testcase>
    </testsuite>
  </testsuite>
</testrun>
